<?xml version="1.0" encoding="UTF-8"?>
<!-- Generated by org.testng.reporters.JUnitReportReporter -->
<testsuite hostname="DESKTOP-S03L424" failures="0" tests="2" name="Maven_Mini_Project.Spicejet.annotations" time="0.031" errors="0" timestamp="2023-08-27T23:18:11 IST" skipped="0">
  <testcase classname="Maven_Mini_Project.Spicejet.annotations" name="newtest1" time="0.021"/>
  <system-out/>
  <testcase classname="Maven_Mini_Project.Spicejet.annotations" name="newtest2" time="0.010"/>
  <system-out/>
</testsuite> <!-- Maven_Mini_Project.Spicejet.annotations -->
