<?xml version="1.0" encoding="UTF-8"?>
<!-- Generated by org.testng.reporters.JUnitReportReporter -->
<testsuite hostname="DESKTOP-S03L424" failures="0" tests="1" name="Maven_Mini_Project.Spicejet.NewTest" time="0.014" errors="0" timestamp="2023-08-27T23:07:03 IST" skipped="0">
  <testcase classname="Maven_Mini_Project.Spicejet.NewTest" name="f" time="0.014"/>
  <system-out/>
</testsuite> <!-- Maven_Mini_Project.Spicejet.NewTest -->
